<?xml version="1.0" encoding="UTF-8"?>
<!-- Generated by org.testng.reporters.JUnitReportReporter -->
<testsuite hostname="PC_2014_0329" name="lesson3.ExampleForAjax" tests="1" failures="0" timestamp="11 Jun 2016 15:57:39 GMT" time="22.419" errors="0">
  <testcase name="test" time="22.419" classname="lesson3.ExampleForAjax"/>
</testsuite> <!-- lesson3.ExampleForAjax -->
