<?xml version="1.0" encoding="UTF-8"?>
<!-- Generated by org.testng.reporters.JUnitReportReporter -->
<testsuite hostname="PC_2014_0329" name="lesson2.ExampleForTestNG" tests="1" failures="0" timestamp="11 Jun 2016 13:29:11 GMT" time="39.769" errors="0">
  <testcase name="test" time="39.769" classname="lesson2.ExampleForTestNG"/>
</testsuite> <!-- lesson2.ExampleForTestNG -->
