<?xml version="1.0" encoding="UTF-8"?>
<!-- Generated by org.testng.reporters.JUnitReportReporter -->
<testsuite hostname="WIN-QFVULB7F2O7" name="seleniumide.testng.Selenium2TestNG" tests="1" failures="0" timestamp="12 Jun 2016 04:58:55 GMT" time="52.020" errors="0">
  <testcase name="testSelenium2TestNG" time="52.020" classname="seleniumide.testng.Selenium2TestNG"/>
</testsuite> <!-- seleniumide.testng.Selenium2TestNG -->
