<?xml version="1.0" encoding="UTF-8"?>
<!-- Generated by org.testng.reporters.JUnitReportReporter -->
<testsuite hostname="PC_2014_0329" name="lesson2.ExampleJS" tests="1" failures="0" timestamp="11 Jun 2016 14:36:44 GMT" time="53.612" errors="0">
  <testcase name="test" time="53.612" classname="lesson2.ExampleJS"/>
</testsuite> <!-- lesson2.ExampleJS -->
